2026-05-08 11:31:48.766 | INFO     | __main__:run:36 - Found 3 file(s) in data/raw
2026-05-08 11:31:48.766 | INFO     | __main__:run:45 - Processing: 北汽ISA-Eisa_ Mohamed Abdelaziz-p1 .xlsx
2026-05-08 11:31:48.767 | WARNING  | __main__:run:49 - 北汽ISA-Eisa_ Mohamed Abdelaziz-p1 .xlsx | filename warning: vehicle_id not found in filename
2026-05-08 11:31:48.910 | INFO     | __main__:run:76 - 北汽ISA-Eisa_ Mohamed Abdelaziz-p1 .xlsx | sheets: {'车辆信息统计(Vehicle data)': <SheetType.VEHICLE_LOG: 'vehicle_log'>, '问题记录(Problem Description)': <SheetType.PROBLEM_LOG: 'problem_log'>, '03.05': <SheetType.DAILY_RECOGNITION: 'daily_recognition'>, '03.06': <SheetType.DAILY_RECOGNITION: 'daily_recognition'>, '03.07': <SheetType.DAILY_RECOGNITION: 'daily_recognition'>, '03.08': <SheetType.DAILY_RECOGNITION: 'daily_recognition'>, '03.09': <SheetType.DAILY_RECOGNITION: 'daily_recognition'>, '03.10': <SheetType.DAILY_RECOGNITION: 'daily_recognition'>, '03.11': <SheetType.DAILY_RECOGNITION: 'daily_recognition'>, '03.12': <SheetType.DAILY_RECOGNITION: 'daily_recognition'>, '03.13': <SheetType.DAILY_RECOGNITION: 'daily_recognition'>, '03.14': <SheetType.DAILY_RECOGNITION: 'daily_recognition'>, '03.16-1': <SheetType.UNKNOWN: 'unknown'>, '03.16': <SheetType.DAILY_RECOGNITION: 'daily_recognition'>, '03.17': <SheetType.DAILY_RECOGNITION: 'daily_recognition'>, '03.18': <SheetType.DAILY_RECOGNITION: 'daily_recognition'>, '03.19': <SheetType.DAILY_RECOGNITION: 'daily_recognition'>, '03.20': <SheetType.DAILY_RECOGNITION: 'daily_recognition'>, '03.21': <SheetType.DAILY_RECOGNITION: 'daily_recognition'>, '03.22': <SheetType.DAILY_RECOGNITION: 'daily_recognition'>, '03.23': <SheetType.DAILY_RECOGNITION: 'daily_recognition'>, '03.24': <SheetType.DAILY_RECOGNITION: 'daily_recognition'>, '03.25': <SheetType.DAILY_RECOGNITION: 'daily_recognition'>, '03.26': <SheetType.DAILY_RECOGNITION: 'daily_recognition'>, '03.27': <SheetType.DAILY_RECOGNITION: 'daily_recognition'>, '03.28': <SheetType.DAILY_RECOGNITION: 'daily_recognition'>, '03.29': <SheetType.DAILY_RECOGNITION: 'daily_recognition'>, '03.30': <SheetType.DAILY_RECOGNITION: 'daily_recognition'>, '03.31': <SheetType.DAILY_RECOGNITION: 'daily_recognition'>, '04.01': <SheetType.DAILY_RECOGNITION: 'daily_recognition'>}
2026-05-08 11:31:48.910 | WARNING  | __main__:run:81 - 北汽ISA-Eisa_ Mohamed Abdelaziz-p1 .xlsx | unknown sheets (will skip): ['03.16-1']
2026-05-08 11:31:50.513 | INFO     | __main__:run:114 -   wrote 202 rows → data/landing/vehicle_log/北汽ISA-Eisa__Mohamed_Abdelaziz-p1___20260508T093150.parquet
2026-05-08 11:31:50.516 | INFO     | __main__:run:114 -   wrote 111 rows → data/landing/problem_log/北汽ISA-Eisa__Mohamed_Abdelaziz-p1___20260508T093150.parquet
2026-05-08 11:31:50.527 | INFO     | __main__:run:114 -   wrote 3003 rows → data/landing/daily_recognition/北汽ISA-Eisa__Mohamed_Abdelaziz-p1___20260508T093150.parquet
2026-05-08 11:31:50.527 | INFO     | __main__:run:117 - 北汽ISA-Eisa_ Mohamed Abdelaziz-p1 .xlsx | moved to processed/
2026-05-08 11:31:50.527 | INFO     | __main__:run:45 - Processing: 一车队北汽二期N51ISA-Mohamed Eisa-p2.xlsx
2026-05-08 11:31:50.584 | INFO     | __main__:run:76 - 一车队北汽二期N51ISA-Mohamed Eisa-p2.xlsx | sheets: {'车辆信息统计(Vehicle data)': <SheetType.VEHICLE_LOG: 'vehicle_log'>, '问题记录(Problem Description)': <SheetType.PROBLEM_LOG: 'problem_log'>, '03.27': <SheetType.DAILY_RECOGNITION: 'daily_recognition'>, '03.28': <SheetType.DAILY_RECOGNITION: 'daily_recognition'>, '03.30': <SheetType.DAILY_RECOGNITION: 'daily_recognition'>, '03.31': <SheetType.DAILY_RECOGNITION: 'daily_recognition'>, '04.01': <SheetType.DAILY_RECOGNITION: 'daily_recognition'>, '04.02': <SheetType.DAILY_RECOGNITION: 'daily_recognition'>, '04.03': <SheetType.DAILY_RECOGNITION: 'daily_recognition'>, '04.04': <SheetType.DAILY_RECOGNITION: 'daily_recognition'>, '04.07': <SheetType.DAILY_RECOGNITION: 'daily_recognition'>, '04.08': <SheetType.DAILY_RECOGNITION: 'daily_recognition'>, '04.09': <SheetType.DAILY_RECOGNITION: 'daily_recognition'>, '04.10': <SheetType.DAILY_RECOGNITION: 'daily_recognition'>, '04.11': <SheetType.DAILY_RECOGNITION: 'daily_recognition'>, '04.13': <SheetType.DAILY_RECOGNITION: 'daily_recognition'>, '04.14': <SheetType.DAILY_RECOGNITION: 'daily_recognition'>, '04.15': <SheetType.DAILY_RECOGNITION: 'daily_recognition'>, '04.16': <SheetType.DAILY_RECOGNITION: 'daily_recognition'>, '04.17': <SheetType.DAILY_RECOGNITION: 'daily_recognition'>, '04.18': <SheetType.DAILY_RECOGNITION: 'daily_recognition'>, '04.20': <SheetType.DAILY_RECOGNITION: 'daily_recognition'>, '04.21': <SheetType.DAILY_RECOGNITION: 'daily_recognition'>, '04.22': <SheetType.DAILY_RECOGNITION: 'daily_recognition'>, '04.23': <SheetType.DAILY_RECOGNITION: 'daily_recognition'>, '04.24': <SheetType.DAILY_RECOGNITION: 'daily_recognition'>, '04.25': <SheetType.DAILY_RECOGNITION: 'daily_recognition'>, '04.26': <SheetType.DAILY_RECOGNITION: 'daily_recognition'>, '04.27': <SheetType.DAILY_RECOGNITION: 'daily_recognition'>, '04.28': <SheetType.DAILY_RECOGNITION: 'daily_recognition'>, '04.29': <SheetType.DAILY_RECOGNITION: 'daily_recognition'>, '04.30': <SheetType.DAILY_RECOGNITION: 'daily_recognition'>}
2026-05-08 11:31:52.226 | INFO     | __main__:run:114 -   wrote 202 rows → data/landing/vehicle_log/一车队北汽二期N51ISA-Mohamed_Eisa-p2__20260508T093152.parquet
2026-05-08 11:31:52.229 | INFO     | __main__:run:114 -   wrote 202 rows → data/landing/problem_log/一车队北汽二期N51ISA-Mohamed_Eisa-p2__20260508T093152.parquet
2026-05-08 11:31:52.248 | INFO     | __main__:run:114 -   wrote 3416 rows → data/landing/daily_recognition/一车队北汽二期N51ISA-Mohamed_Eisa-p2__20260508T093152.parquet
2026-05-08 11:31:52.248 | INFO     | __main__:run:117 - 一车队北汽二期N51ISA-Mohamed Eisa-p2.xlsx | moved to processed/
2026-05-08 11:31:52.248 | INFO     | __main__:run:45 - Processing: 一车队北汽二期N50ISA-Omar Aboushafey-p2.xlsx
2026-05-08 11:31:52.320 | INFO     | __main__:run:76 - 一车队北汽二期N50ISA-Omar Aboushafey-p2.xlsx | sheets: {'车辆信息统计(Vehicle data)': <SheetType.VEHICLE_LOG: 'vehicle_log'>, '问题记录(Problem Description)': <SheetType.PROBLEM_LOG: 'problem_log'>, '03.27': <SheetType.DAILY_RECOGNITION: 'daily_recognition'>, '03.28': <SheetType.DAILY_RECOGNITION: 'daily_recognition'>, '03.29': <SheetType.DAILY_RECOGNITION: 'daily_recognition'>, '03.30': <SheetType.DAILY_RECOGNITION: 'daily_recognition'>, '03.31': <SheetType.DAILY_RECOGNITION: 'daily_recognition'>, '04.01': <SheetType.DAILY_RECOGNITION: 'daily_recognition'>, '04.02': <SheetType.DAILY_RECOGNITION: 'daily_recognition'>, '04.03': <SheetType.DAILY_RECOGNITION: 'daily_recognition'>, '04.04': <SheetType.DAILY_RECOGNITION: 'daily_recognition'>, '04.05': <SheetType.DAILY_RECOGNITION: 'daily_recognition'>, '04.06': <SheetType.DAILY_RECOGNITION: 'daily_recognition'>, '04.07': <SheetType.DAILY_RECOGNITION: 'daily_recognition'>, '04.08': <SheetType.DAILY_RECOGNITION: 'daily_recognition'>, '04.09': <SheetType.DAILY_RECOGNITION: 'daily_recognition'>, '04.10': <SheetType.DAILY_RECOGNITION: 'daily_recognition'>, '04.11': <SheetType.DAILY_RECOGNITION: 'daily_recognition'>, '04.12': <SheetType.DAILY_RECOGNITION: 'daily_recognition'>, '04.13': <SheetType.DAILY_RECOGNITION: 'daily_recognition'>, '04.14': <SheetType.DAILY_RECOGNITION: 'daily_recognition'>, '04.15': <SheetType.DAILY_RECOGNITION: 'daily_recognition'>, '04.16': <SheetType.DAILY_RECOGNITION: 'daily_recognition'>, '04.17': <SheetType.DAILY_RECOGNITION: 'daily_recognition'>, '04.18': <SheetType.DAILY_RECOGNITION: 'daily_recognition'>, '04.19': <SheetType.DAILY_RECOGNITION: 'daily_recognition'>, '04.20': <SheetType.DAILY_RECOGNITION: 'daily_recognition'>, '04.21': <SheetType.DAILY_RECOGNITION: 'daily_recognition'>, '04.22': <SheetType.DAILY_RECOGNITION: 'daily_recognition'>, '04.23': <SheetType.DAILY_RECOGNITION: 'daily_recognition'>, '04.24': <SheetType.DAILY_RECOGNITION: 'daily_recognition'>, '04.25': <SheetType.DAILY_RECOGNITION: 'daily_recognition'>, '04.26': <SheetType.DAILY_RECOGNITION: 'daily_recognition'>, '04.27': <SheetType.DAILY_RECOGNITION: 'daily_recognition'>, '04.28': <SheetType.DAILY_RECOGNITION: 'daily_recognition'>, '04.29': <SheetType.DAILY_RECOGNITION: 'daily_recognition'>, '04.30': <SheetType.DAILY_RECOGNITION: 'daily_recognition'>}
2026-05-08 11:31:54.933 | INFO     | __main__:run:114 -   wrote 202 rows → data/landing/vehicle_log/一车队北汽二期N50ISA-Omar_Aboushafey-p2__20260508T093154.parquet
2026-05-08 11:31:54.936 | INFO     | __main__:run:114 -   wrote 140 rows → data/landing/problem_log/一车队北汽二期N50ISA-Omar_Aboushafey-p2__20260508T093154.parquet
2026-05-08 11:31:54.950 | INFO     | __main__:run:114 -   wrote 3955 rows → data/landing/daily_recognition/一车队北汽二期N50ISA-Omar_Aboushafey-p2__20260508T093154.parquet
2026-05-08 11:31:54.950 | INFO     | __main__:run:117 - 一车队北汽二期N50ISA-Omar Aboushafey-p2.xlsx | moved to processed/
2026-05-08 11:31:54.950 | INFO     | __main__:run:120 - ─── Ingestion run complete ───
2026-05-08 11:31:54.950 | INFO     | __main__:run:121 -   processed:   3
2026-05-08 11:31:54.950 | INFO     | __main__:run:122 -   quarantined: 0
2026-05-08 11:31:54.950 | INFO     | __main__:run:123 -   skipped:     0
2026-05-08 12:54:29.582 | INFO     | __main__:run:36 - Found 0 file(s) in data/raw
2026-05-08 12:54:29.582 | INFO     | __main__:run:120 - ─── Ingestion run complete ───
2026-05-08 12:54:29.582 | INFO     | __main__:run:121 -   processed:   0
2026-05-08 12:54:29.582 | INFO     | __main__:run:122 -   quarantined: 0
2026-05-08 12:54:29.582 | INFO     | __main__:run:123 -   skipped:     0
2026-05-08 16:06:44.282 | INFO     | __main__:run:36 - Found 0 file(s) in data/raw
2026-05-08 16:06:44.282 | INFO     | __main__:run:120 - ─── Ingestion run complete ───
2026-05-08 16:06:44.282 | INFO     | __main__:run:121 -   processed:   0
2026-05-08 16:06:44.282 | INFO     | __main__:run:122 -   quarantined: 0
2026-05-08 16:06:44.282 | INFO     | __main__:run:123 -   skipped:     0
2026-05-11 14:25:08.236 | INFO     | __main__:run:36 - Found 0 file(s) in data/raw
2026-05-11 14:25:08.237 | INFO     | __main__:run:120 - ─── Ingestion run complete ───
2026-05-11 14:25:08.237 | INFO     | __main__:run:121 -   processed:   0
2026-05-11 14:25:08.237 | INFO     | __main__:run:122 -   quarantined: 0
2026-05-11 14:25:08.237 | INFO     | __main__:run:123 -   skipped:     0
